[18-Dec-2025 18:31:56] NOTICE: fpm is running, pid 54259
[18-Dec-2025 18:31:56] NOTICE: ready to handle connections
[19-Dec-2025 21:16:57] NOTICE: Terminating ...
[19-Dec-2025 21:16:57] NOTICE: Terminating ...
[19-Dec-2025 21:16:57] NOTICE: exiting, bye-bye!
[20-Dec-2025 12:01:36] NOTICE: fpm is running, pid 7550
[20-Dec-2025 12:01:36] NOTICE: ready to handle connections
[27-Dec-2025 16:28:02] NOTICE: Terminating ...
[27-Dec-2025 16:28:02] NOTICE: Terminating ...
[27-Dec-2025 16:28:02] NOTICE: exiting, bye-bye!
[06-Jan-2026 13:54:42] NOTICE: fpm is running, pid 28461
[06-Jan-2026 13:54:42] NOTICE: ready to handle connections
[06-Jan-2026 21:17:38] NOTICE: Terminating ...
[06-Jan-2026 21:17:38] NOTICE: Terminating ...
[06-Jan-2026 21:17:38] NOTICE: exiting, bye-bye!
[07-Jan-2026 14:21:28] NOTICE: fpm is running, pid 5350
[07-Jan-2026 14:21:28] NOTICE: ready to handle connections
[07-Jan-2026 20:33:19] NOTICE: Terminating ...
[07-Jan-2026 20:33:19] NOTICE: Terminating ...
[07-Jan-2026 20:33:19] NOTICE: exiting, bye-bye!
[29-Jan-2026 23:27:42] NOTICE: fpm is running, pid 4994
[29-Jan-2026 23:27:42] NOTICE: ready to handle connections
[29-Jan-2026 23:27:55] NOTICE: Terminating ...
[29-Jan-2026 23:27:55] NOTICE: Terminating ...
[29-Jan-2026 23:27:55] NOTICE: exiting, bye-bye!
[29-Jan-2026 23:27:57] NOTICE: fpm is running, pid 5171
[29-Jan-2026 23:27:57] NOTICE: ready to handle connections
[05-Feb-2026 15:19:00] NOTICE: Terminating ...
[05-Feb-2026 15:19:00] NOTICE: Terminating ...
[05-Feb-2026 15:19:00] NOTICE: exiting, bye-bye!
[05-Feb-2026 15:19:09] NOTICE: fpm is running, pid 41818
[05-Feb-2026 15:19:09] NOTICE: ready to handle connections
[05-Feb-2026 15:19:14] NOTICE: Terminating ...
[05-Feb-2026 15:19:14] NOTICE: Terminating ...
[05-Feb-2026 15:19:14] NOTICE: exiting, bye-bye!
[23-Mar-2026 15:59:34] NOTICE: fpm is running, pid 97790
[23-Mar-2026 15:59:34] NOTICE: ready to handle connections
[23-Mar-2026 21:48:59] NOTICE: Terminating ...
[23-Mar-2026 21:48:59] NOTICE: Terminating ...
[23-Mar-2026 21:48:59] NOTICE: exiting, bye-bye!
[23-Mar-2026 21:49:02] NOTICE: fpm is running, pid 85862
[23-Mar-2026 21:49:02] NOTICE: ready to handle connections
[24-Mar-2026 14:33:52] NOTICE: Terminating ...
[24-Mar-2026 14:33:52] NOTICE: Terminating ...
[24-Mar-2026 14:33:52] NOTICE: exiting, bye-bye!
[01-Apr-2026 16:54:34] NOTICE: fpm is running, pid 13342
[01-Apr-2026 16:54:34] NOTICE: ready to handle connections
[01-Apr-2026 20:09:54] NOTICE: Terminating ...
[01-Apr-2026 20:09:54] NOTICE: Terminating ...
[01-Apr-2026 20:09:54] NOTICE: exiting, bye-bye!
[15-Apr-2026 16:44:36] NOTICE: fpm is running, pid 14075
[15-Apr-2026 16:44:36] NOTICE: ready to handle connections
